{"name": "test_baidu2", "status": "failed", "statusDetails": {"message": "AssertionError: assert '百度一下' == '百度一下1'\n  \n  - 百度一下1\n  ?     -\n  + 百度一下", "trace": "self = <pytest_learn.test_fixture2.TestBaidu object at 0x00000299D47CE110>\ndriver = <selenium.webdriver.chrome.webdriver.WebDriver (session=\"a0595772e65813475b226066d5b038f1\")>\n\n    def test_baidu2(self, driver):\n        driver.get(\"https://www.baidu.com/\")\n        title = driver.title\n        url = driver.current_url\n        text = driver.find_element(By.CSS_SELECTOR, '#s-top-left > a:nth-child(1)').text\n        button_text = driver.find_element(By.ID, 'su').accessible_name\n        assert title == '百度一下，你就知道'\n        assert url == 'https://www.baidu.com/'\n        assert text == '新闻'\n>       assert button_text == '百度一下1'\nE       AssertionError: assert '百度一下' == '百度一下1'\nE         \nE         - 百度一下1\nE         ?     -\nE         + 百度一下\n\npytest_learn\\test_fixture2.py:37: AssertionError"}, "start": 1713178635291, "stop": 1713178635573, "uuid": "cdc1c480-389f-421b-9de5-abcb5e5d1bfb", "historyId": "4c390884ad446c377843a4c2874225bc", "testCaseId": "4c390884ad446c377843a4c2874225bc", "fullName": "pytest_learn.test_fixture2.TestBaidu#test_baidu2", "labels": [{"name": "parentSuite", "value": "pytest_learn"}, {"name": "suite", "value": "test_fixture2"}, {"name": "subSuite", "value": "TestBaidu"}, {"name": "host", "value": "DESKTOP-A9EMOAB"}, {"name": "thread", "value": "7260-MainThread"}, {"name": "framework", "value": "pytest"}, {"name": "language", "value": "cpython3"}, {"name": "package", "value": "pytest_learn.test_fixture2"}]}